<?xml version="1.0" encoding="UTF-8"?>
<testsuite xmlns:xsi="http://www.w3.org/2001/XMLSchema-instance" xsi:noNamespaceSchemaLocation="https://maven.apache.org/surefire/maven-surefire-plugin/xsd/surefire-test-report.xsd" name="cz.habarta.typescript.generator.TaggedUnionsTest" time="0.435" tests="10" errors="0" skipped="0" failures="5">
  <properties>
[...]
</properties>
  <testcase name="testTaggedUnionsWithOverlappingInterfaces" classname="cz.habarta.typescript.generator.TaggedUnionsTest" time="0.266">
    <failure message="expected:&lt;&#10;interface I[Shape3 {&#10;    kind: &quot;circle&quot; | &quot;rectangle&quot;;&#10;}&#10;&#10;interface IRectangle3 extends INamedQuadrilateral3 {&#10;    kind: &quot;rectangle&quot;;&#10;}&#10;&#10;interface ICircle3 extends INamedShape3 {&#10;    kind: &quot;circle&quot;;&#10;}&#10;&#10;interface INamedQuadrilateral3 extends INamedShape3, IQuadrilateral3 {&#10;    kind: &quot;rectangle&quot;;&#10;}&#10;&#10;interface INamedShape3 extends IShape3 {&#10;    kind: &quot;circle&quot; | &quot;rectangle&quot;;&#10;    name: string];&#10;}&#10;&#10;interface IQuad...&gt; but was:&lt;&#10;interface I[NamedQuadrilateral3 extends INamedShape3, IQuadrilateral3 {&#10;    kind: &quot;rectangle&quot;;&#10;}&#10;&#10;interface INamedShape3 extends IShape3 {&#10;    kind: &quot;circle&quot; | &quot;rectangle&quot;;&#10;    name: string;&#10;}&#10;&#10;interface IShape3 {&#10;    kind: &quot;circle&quot; | &quot;rectangle&quot;;&#10;}&#10;&#10;interface ICircle3 extends INamedShape3 {&#10;    kind: &quot;circle&quot;;&#10;}&#10;&#10;interface IRectangle3 extends INamedQuadrilateral3 {&#10;    kind: &quot;rectangle&quot;];&#10;}&#10;&#10;interface IQuad...&gt;" type="org.junit.ComparisonFailure"><![CDATA[org.junit.ComparisonFailure: 
expected:<
interface I[Shape3 {
    kind: "circle" | "rectangle";
}

interface IRectangle3 extends INamedQuadrilateral3 {
    kind: "rectangle";
}

interface ICircle3 extends INamedShape3 {
    kind: "circle";
}

interface INamedQuadrilateral3 extends INamedShape3, IQuadrilateral3 {
    kind: "rectangle";
}

interface INamedShape3 extends IShape3 {
    kind: "circle" | "rectangle";
    name: string];
}

interface IQuad...> but was:<
interface I[NamedQuadrilateral3 extends INamedShape3, IQuadrilateral3 {
    kind: "rectangle";
}

interface INamedShape3 extends IShape3 {
    kind: "circle" | "rectangle";
    name: string;
}

interface IShape3 {
    kind: "circle" | "rectangle";
}

interface ICircle3 extends INamedShape3 {
    kind: "circle";
}

interface IRectangle3 extends INamedQuadrilateral3 {
    kind: "rectangle"];
}

interface IQuad...>
	at org.junit.Assert.assertEquals(Assert.java:115)
	at org.junit.Assert.assertEquals(Assert.java:144)
	at cz.habarta.typescript.generator.TaggedUnionsTest.testTaggedUnionsWithOverlappingInterfaces(TaggedUnionsTest.java:289)
	at sun.reflect.NativeMethodAccessorImpl.invoke0(Native Method)
	at sun.reflect.NativeMethodAccessorImpl.invoke(NativeMethodAccessorImpl.java:62)
	at sun.reflect.DelegatingMethodAccessorImpl.invoke(DelegatingMethodAccessorImpl.java:43)
	at java.lang.reflect.Method.invoke(Method.java:498)
	at org.junit.runners.model.FrameworkMethod$1.runReflectiveCall(FrameworkMethod.java:50)
	at org.junit.internal.runners.model.ReflectiveCallable.run(ReflectiveCallable.java:12)
	at org.junit.runners.model.FrameworkMethod.invokeExplosively(FrameworkMethod.java:47)
	at org.junit.internal.runners.statements.InvokeMethod.evaluate(InvokeMethod.java:17)
	at org.junit.runners.ParentRunner.runLeaf(ParentRunner.java:325)
	at org.junit.runners.BlockJUnit4ClassRunner.runChild(BlockJUnit4ClassRunner.java:78)
	at org.junit.runners.BlockJUnit4ClassRunner.runChild(BlockJUnit4ClassRunner.java:57)
	at org.junit.runners.ParentRunner$3.run(ParentRunner.java:290)
	at org.junit.runners.ParentRunner$1.schedule(ParentRunner.java:71)
	at org.junit.runners.ParentRunner.runChildren(ParentRunner.java:288)
	at org.junit.runners.ParentRunner.access$000(ParentRunner.java:58)
	at org.junit.runners.ParentRunner$2.evaluate(ParentRunner.java:268)
	at org.junit.runners.ParentRunner.run(ParentRunner.java:363)
	at org.junit.runners.Suite.runChild(Suite.java:128)
	at org.junit.runners.Suite.runChild(Suite.java:27)
	at org.junit.runners.ParentRunner$3.run(ParentRunner.java:290)
	at org.junit.runners.ParentRunner$1.schedule(ParentRunner.java:71)
	at org.junit.runners.ParentRunner.runChildren(ParentRunner.java:288)
	at org.junit.runners.ParentRunner.access$000(ParentRunner.java:58)
	at org.junit.runners.ParentRunner$2.evaluate(ParentRunner.java:268)
	at org.junit.runners.ParentRunner.run(ParentRunner.java:363)
	at org.apache.maven.surefire.junitcore.JUnitCore.run(JUnitCore.java:55)
	at org.apache.maven.surefire.junitcore.JUnitCoreWrapper.createRequestAndRun(JUnitCoreWrapper.java:137)
	at org.apache.maven.surefire.junitcore.JUnitCoreWrapper.executeEager(JUnitCoreWrapper.java:107)
	at org.apache.maven.surefire.junitcore.JUnitCoreWrapper.execute(JUnitCoreWrapper.java:83)
	at org.apache.maven.surefire.junitcore.JUnitCoreWrapper.execute(JUnitCoreWrapper.java:75)
	at org.apache.maven.surefire.junitcore.JUnitCoreProvider.invoke(JUnitCoreProvider.java:158)
	at org.apache.maven.surefire.booter.ForkedBooter.invokeProviderInSameClassLoader(ForkedBooter.java:384)
	at org.apache.maven.surefire.booter.ForkedBooter.runSuitesInProcess(ForkedBooter.java:345)
	at org.apache.maven.surefire.booter.ForkedBooter.execute(ForkedBooter.java:126)
	at org.apache.maven.surefire.booter.ForkedBooter.main(ForkedBooter.java:418)
]]></failure>
    <system-out><![CDATA[Parsing 'cz.habarta.typescript.generator.TaggedUnionsTest$IShape3'
Parsing 'cz.habarta.typescript.generator.TaggedUnionsTest$IRectangle3' used in 'IShape3.<subClass>'
Parsing 'cz.habarta.typescript.generator.TaggedUnionsTest$ICircle3' used in 'IShape3.<subClass>'
Parsing 'cz.habarta.typescript.generator.TaggedUnionsTest$INamedQuadrilateral3' used in 'IRectangle3.<interface>'
Parsing 'cz.habarta.typescript.generator.TaggedUnionsTest$INamedShape3' used in 'ICircle3.<interface>'
Parsing 'cz.habarta.typescript.generator.TaggedUnionsTest$IQuadrilateral3' used in 'INamedQuadrilateral3.<interface>'
]]></system-out>
  </testcase>
  <testcase name="testTaggedUnionsWithInterfaces" classname="cz.habarta.typescript.generator.TaggedUnionsTest" time="0.038">
    <failure message="expected:&lt;...ngle&quot;;&#10;}&#10;&#10;interface [CSquare2 extends IQuadrilateral2 {&#10;    kind: &quot;square&quot;;&#10;    size: number;&#10;}&#10;&#10;interface CRectangle2 extends IQuadrilateral2 {&#10;    kind: &quot;rectangle&quot;;&#10;    width: number;&#10;    height: number;&#10;}&#10;&#10;interface CCircle2 extends IShape2 {&#10;    kind: &quot;circle&quot;;&#10;    radius: number;&#10;}&#10;&#10;interface IQuadrilateral2 extends IShape2 {&#10;    kind: &quot;square&quot; | &quot;rectangle&quot;];&#10;}&#10;&#10;type IShape2Uni...&gt; but was:&lt;...ngle&quot;;&#10;}&#10;&#10;interface [IQuadrilateral2 extends IShape2 {&#10;    kind: &quot;square&quot; | &quot;rectangle&quot;;&#10;}&#10;&#10;interface CSquare2 extends IQuadrilateral2 {&#10;    kind: &quot;square&quot;;&#10;    size: number;&#10;}&#10;&#10;interface CRectangle2 extends IQuadrilateral2 {&#10;    kind: &quot;rectangle&quot;;&#10;    width: number;&#10;    height: number;&#10;}&#10;&#10;interface CCircle2 extends IShape2 {&#10;    kind: &quot;circle&quot;;&#10;    radius: number];&#10;}&#10;&#10;type IShape2Uni...&gt;" type="org.junit.ComparisonFailure"><![CDATA[org.junit.ComparisonFailure: 
expected:<...ngle";
}

interface [CSquare2 extends IQuadrilateral2 {
    kind: "square";
    size: number;
}

interface CRectangle2 extends IQuadrilateral2 {
    kind: "rectangle";
    width: number;
    height: number;
}

interface CCircle2 extends IShape2 {
    kind: "circle";
    radius: number;
}

interface IQuadrilateral2 extends IShape2 {
    kind: "square" | "rectangle"];
}

type IShape2Uni...> but was:<...ngle";
}

interface [IQuadrilateral2 extends IShape2 {
    kind: "square" | "rectangle";
}

interface CSquare2 extends IQuadrilateral2 {
    kind: "square";
    size: number;
}

interface CRectangle2 extends IQuadrilateral2 {
    kind: "rectangle";
    width: number;
    height: number;
}

interface CCircle2 extends IShape2 {
    kind: "circle";
    radius: number];
}

type IShape2Uni...>
	at org.junit.Assert.assertEquals(Assert.java:115)
	at org.junit.Assert.assertEquals(Assert.java:144)
	at cz.habarta.typescript.generator.TaggedUnionsTest.testTaggedUnionsWithInterfaces(TaggedUnionsTest.java:253)
	at sun.reflect.NativeMethodAccessorImpl.invoke0(Native Method)
	at sun.reflect.NativeMethodAccessorImpl.invoke(NativeMethodAccessorImpl.java:62)
	at sun.reflect.DelegatingMethodAccessorImpl.invoke(DelegatingMethodAccessorImpl.java:43)
	at java.lang.reflect.Method.invoke(Method.java:498)
	at org.junit.runners.model.FrameworkMethod$1.runReflectiveCall(FrameworkMethod.java:50)
	at org.junit.internal.runners.model.ReflectiveCallable.run(ReflectiveCallable.java:12)
	at org.junit.runners.model.FrameworkMethod.invokeExplosively(FrameworkMethod.java:47)
	at org.junit.internal.runners.statements.InvokeMethod.evaluate(InvokeMethod.java:17)
	at org.junit.runners.ParentRunner.runLeaf(ParentRunner.java:325)
	at org.junit.runners.BlockJUnit4ClassRunner.runChild(BlockJUnit4ClassRunner.java:78)
	at org.junit.runners.BlockJUnit4ClassRunner.runChild(BlockJUnit4ClassRunner.java:57)
	at org.junit.runners.ParentRunner$3.run(ParentRunner.java:290)
	at org.junit.runners.ParentRunner$1.schedule(ParentRunner.java:71)
	at org.junit.runners.ParentRunner.runChildren(ParentRunner.java:288)
	at org.junit.runners.ParentRunner.access$000(ParentRunner.java:58)
	at org.junit.runners.ParentRunner$2.evaluate(ParentRunner.java:268)
	at org.junit.runners.ParentRunner.run(ParentRunner.java:363)
	at org.junit.runners.Suite.runChild(Suite.java:128)
	at org.junit.runners.Suite.runChild(Suite.java:27)
	at org.junit.runners.ParentRunner$3.run(ParentRunner.java:290)
	at org.junit.runners.ParentRunner$1.schedule(ParentRunner.java:71)
	at org.junit.runners.ParentRunner.runChildren(ParentRunner.java:288)
	at org.junit.runners.ParentRunner.access$000(ParentRunner.java:58)
	at org.junit.runners.ParentRunner$2.evaluate(ParentRunner.java:268)
	at org.junit.runners.ParentRunner.run(ParentRunner.java:363)
	at org.apache.maven.surefire.junitcore.JUnitCore.run(JUnitCore.java:55)
	at org.apache.maven.surefire.junitcore.JUnitCoreWrapper.createRequestAndRun(JUnitCoreWrapper.java:137)
	at org.apache.maven.surefire.junitcore.JUnitCoreWrapper.executeEager(JUnitCoreWrapper.java:107)
	at org.apache.maven.surefire.junitcore.JUnitCoreWrapper.execute(JUnitCoreWrapper.java:83)
	at org.apache.maven.surefire.junitcore.JUnitCoreWrapper.execute(JUnitCoreWrapper.java:75)
	at org.apache.maven.surefire.junitcore.JUnitCoreProvider.invoke(JUnitCoreProvider.java:158)
	at org.apache.maven.surefire.booter.ForkedBooter.invokeProviderInSameClassLoader(ForkedBooter.java:384)
	at org.apache.maven.surefire.booter.ForkedBooter.runSuitesInProcess(ForkedBooter.java:345)
	at org.apache.maven.surefire.booter.ForkedBooter.execute(ForkedBooter.java:126)
	at org.apache.maven.surefire.booter.ForkedBooter.main(ForkedBooter.java:418)
]]></failure>
    <system-out><![CDATA[Parsing 'cz.habarta.typescript.generator.TaggedUnionsTest$IShape2'
Parsing 'cz.habarta.typescript.generator.TaggedUnionsTest$CSquare2' used in 'IShape2.<subClass>'
Parsing 'cz.habarta.typescript.generator.TaggedUnionsTest$CRectangle2' used in 'IShape2.<subClass>'
Parsing 'cz.habarta.typescript.generator.TaggedUnionsTest$CCircle2' used in 'IShape2.<subClass>'
Parsing 'cz.habarta.typescript.generator.TaggedUnionsTest$IQuadrilateral2' used in 'CSquare2.<interface>'
]]></system-out>
  </testcase>
  <testcase name="testGenericBaseWithNonGenericSubType" classname="cz.habarta.typescript.generator.TaggedUnionsTest" time="0.037"/>
  <testcase name="testBaseWithGenerics" classname="cz.habarta.typescript.generator.TaggedUnionsTest" time="0.003"/>
  <testcase name="testTaggedUnionsDisabled" classname="cz.habarta.typescript.generator.TaggedUnionsTest" time="0.004">
    <failure message="expected:&lt;&#10;interface [Geometry {&#10;    shapes: Shape[];&#10;}&#10;&#10;interface Shape {&#10;    kind: &quot;square&quot; | &quot;rectangle&quot; | &quot;circle&quot;;&#10;}&#10;&#10;interface Square extends Shape {&#10;    kind: &quot;square&quot;;&#10;    size: number;&#10;}&#10;&#10;interface Rectangle extends Shape {&#10;    kind: &quot;rectangle&quot;;&#10;    width: number;&#10;    height: number;&#10;}&#10;&#10;interface Circle extends Shape {&#10;    kind: &quot;circle&quot;;&#10;    radius]: number;&#10;}&#10;&gt; but was:&lt;&#10;interface [Circle extends Shape {&#10;    kind: &quot;circle&quot;;&#10;    radius: number;&#10;}&#10;&#10;interface Square extends Shape {&#10;    kind: &quot;square&quot;;&#10;    size: number;&#10;}&#10;&#10;interface Shape {&#10;    kind: &quot;square&quot; | &quot;rectangle&quot; | &quot;circle&quot;;&#10;}&#10;&#10;interface Geometry {&#10;    shapes: Shape[];&#10;}&#10;&#10;interface Rectangle extends Shape {&#10;    kind: &quot;rectangle&quot;;&#10;    width: number;&#10;    height]: number;&#10;}&#10;&gt;" type="org.junit.ComparisonFailure"><![CDATA[org.junit.ComparisonFailure: 
expected:<
interface [Geometry {
    shapes: Shape[];
}

interface Shape {
    kind: "square" | "rectangle" | "circle";
}

interface Square extends Shape {
    kind: "square";
    size: number;
}

interface Rectangle extends Shape {
    kind: "rectangle";
    width: number;
    height: number;
}

interface Circle extends Shape {
    kind: "circle";
    radius]: number;
}
> but was:<
interface [Circle extends Shape {
    kind: "circle";
    radius: number;
}

interface Square extends Shape {
    kind: "square";
    size: number;
}

interface Shape {
    kind: "square" | "rectangle" | "circle";
}

interface Geometry {
    shapes: Shape[];
}

interface Rectangle extends Shape {
    kind: "rectangle";
    width: number;
    height]: number;
}
>
	at org.junit.Assert.assertEquals(Assert.java:115)
	at org.junit.Assert.assertEquals(Assert.java:144)
	at cz.habarta.typescript.generator.TaggedUnionsTest.testTaggedUnionsDisabled(TaggedUnionsTest.java:324)
	at sun.reflect.NativeMethodAccessorImpl.invoke0(Native Method)
	at sun.reflect.NativeMethodAccessorImpl.invoke(NativeMethodAccessorImpl.java:62)
	at sun.reflect.DelegatingMethodAccessorImpl.invoke(DelegatingMethodAccessorImpl.java:43)
	at java.lang.reflect.Method.invoke(Method.java:498)
	at org.junit.runners.model.FrameworkMethod$1.runReflectiveCall(FrameworkMethod.java:50)
	at org.junit.internal.runners.model.ReflectiveCallable.run(ReflectiveCallable.java:12)
	at org.junit.runners.model.FrameworkMethod.invokeExplosively(FrameworkMethod.java:47)
	at org.junit.internal.runners.statements.InvokeMethod.evaluate(InvokeMethod.java:17)
	at org.junit.runners.ParentRunner.runLeaf(ParentRunner.java:325)
	at org.junit.runners.BlockJUnit4ClassRunner.runChild(BlockJUnit4ClassRunner.java:78)
	at org.junit.runners.BlockJUnit4ClassRunner.runChild(BlockJUnit4ClassRunner.java:57)
	at org.junit.runners.ParentRunner$3.run(ParentRunner.java:290)
	at org.junit.runners.ParentRunner$1.schedule(ParentRunner.java:71)
	at org.junit.runners.ParentRunner.runChildren(ParentRunner.java:288)
	at org.junit.runners.ParentRunner.access$000(ParentRunner.java:58)
	at org.junit.runners.ParentRunner$2.evaluate(ParentRunner.java:268)
	at org.junit.runners.ParentRunner.run(ParentRunner.java:363)
	at org.junit.runners.Suite.runChild(Suite.java:128)
	at org.junit.runners.Suite.runChild(Suite.java:27)
	at org.junit.runners.ParentRunner$3.run(ParentRunner.java:290)
	at org.junit.runners.ParentRunner$1.schedule(ParentRunner.java:71)
	at org.junit.runners.ParentRunner.runChildren(ParentRunner.java:288)
	at org.junit.runners.ParentRunner.access$000(ParentRunner.java:58)
	at org.junit.runners.ParentRunner$2.evaluate(ParentRunner.java:268)
	at org.junit.runners.ParentRunner.run(ParentRunner.java:363)
	at org.apache.maven.surefire.junitcore.JUnitCore.run(JUnitCore.java:55)
	at org.apache.maven.surefire.junitcore.JUnitCoreWrapper.createRequestAndRun(JUnitCoreWrapper.java:137)
	at org.apache.maven.surefire.junitcore.JUnitCoreWrapper.executeEager(JUnitCoreWrapper.java:107)
	at org.apache.maven.surefire.junitcore.JUnitCoreWrapper.execute(JUnitCoreWrapper.java:83)
	at org.apache.maven.surefire.junitcore.JUnitCoreWrapper.execute(JUnitCoreWrapper.java:75)
	at org.apache.maven.surefire.junitcore.JUnitCoreProvider.invoke(JUnitCoreProvider.java:158)
	at org.apache.maven.surefire.booter.ForkedBooter.invokeProviderInSameClassLoader(ForkedBooter.java:384)
	at org.apache.maven.surefire.booter.ForkedBooter.runSuitesInProcess(ForkedBooter.java:345)
	at org.apache.maven.surefire.booter.ForkedBooter.execute(ForkedBooter.java:126)
	at org.apache.maven.surefire.booter.ForkedBooter.main(ForkedBooter.java:418)
]]></failure>
    <system-out><![CDATA[Parsing 'cz.habarta.typescript.generator.TaggedUnionsTest$Geometry'
Parsing 'cz.habarta.typescript.generator.TaggedUnionsTest$Shape' used in 'Geometry.shapes'
Parsing 'cz.habarta.typescript.generator.TaggedUnionsTest$Square' used in 'Shape.<subClass>'
Parsing 'cz.habarta.typescript.generator.TaggedUnionsTest$Rectangle' used in 'Shape.<subClass>'
Parsing 'cz.habarta.typescript.generator.TaggedUnionsTest$Circle' used in 'Shape.<subClass>'
]]></system-out>
  </testcase>
  <testcase name="testAsyncResultWithGenerics" classname="cz.habarta.typescript.generator.TaggedUnionsTest" time="0.005"/>
  <testcase name="testTaggedUnionsWithDiamond" classname="cz.habarta.typescript.generator.TaggedUnionsTest" time="0.027">
    <failure message="expected:&lt;&#10;interface Diamond[A {&#10;    kind: &quot;b1&quot; | &quot;c&quot; | &quot;b2&quot;;&#10;    a: string;&#10;}&#10;&#10;interface DiamondB1 extends DiamondA {&#10;    kind: &quot;b1&quot; | &quot;c&quot;;&#10;    b1: string;&#10;}&#10;&#10;interface DiamondB2 extends DiamondA {&#10;    kind: &quot;b2&quot; | &quot;c&quot;;&#10;    b2: string;&#10;}&#10;&#10;interface DiamondC extends DiamondB1, DiamondB2 {&#10;    kind: &quot;c&quot;;&#10;    c]: string;&#10;}&#10;&#10;type Di...&gt; but was:&lt;&#10;interface Diamond[B1 extends DiamondA {&#10;    kind: &quot;b1&quot; | &quot;c&quot;;&#10;    b1: string;&#10;}&#10;&#10;interface DiamondA {&#10;    kind: &quot;b1&quot; | &quot;c&quot; | &quot;b2&quot;;&#10;    a: string;&#10;}&#10;&#10;interface DiamondC extends DiamondB1, DiamondB2 {&#10;    kind: &quot;c&quot;;&#10;    c: string;&#10;}&#10;&#10;interface DiamondB2 extends DiamondA {&#10;    kind: &quot;b2&quot; | &quot;c&quot;;&#10;    b2]: string;&#10;}&#10;&#10;type Di...&gt;" type="org.junit.ComparisonFailure"><![CDATA[org.junit.ComparisonFailure: 
expected:<
interface Diamond[A {
    kind: "b1" | "c" | "b2";
    a: string;
}

interface DiamondB1 extends DiamondA {
    kind: "b1" | "c";
    b1: string;
}

interface DiamondB2 extends DiamondA {
    kind: "b2" | "c";
    b2: string;
}

interface DiamondC extends DiamondB1, DiamondB2 {
    kind: "c";
    c]: string;
}

type Di...> but was:<
interface Diamond[B1 extends DiamondA {
    kind: "b1" | "c";
    b1: string;
}

interface DiamondA {
    kind: "b1" | "c" | "b2";
    a: string;
}

interface DiamondC extends DiamondB1, DiamondB2 {
    kind: "c";
    c: string;
}

interface DiamondB2 extends DiamondA {
    kind: "b2" | "c";
    b2]: string;
}

type Di...>
	at org.junit.Assert.assertEquals(Assert.java:115)
	at org.junit.Assert.assertEquals(Assert.java:144)
	at cz.habarta.typescript.generator.TaggedUnionsTest.testTaggedUnionsWithDiamond(TaggedUnionsTest.java:356)
	at sun.reflect.NativeMethodAccessorImpl.invoke0(Native Method)
	at sun.reflect.NativeMethodAccessorImpl.invoke(NativeMethodAccessorImpl.java:62)
	at sun.reflect.DelegatingMethodAccessorImpl.invoke(DelegatingMethodAccessorImpl.java:43)
	at java.lang.reflect.Method.invoke(Method.java:498)
	at org.junit.runners.model.FrameworkMethod$1.runReflectiveCall(FrameworkMethod.java:50)
	at org.junit.internal.runners.model.ReflectiveCallable.run(ReflectiveCallable.java:12)
	at org.junit.runners.model.FrameworkMethod.invokeExplosively(FrameworkMethod.java:47)
	at org.junit.internal.runners.statements.InvokeMethod.evaluate(InvokeMethod.java:17)
	at org.junit.runners.ParentRunner.runLeaf(ParentRunner.java:325)
	at org.junit.runners.BlockJUnit4ClassRunner.runChild(BlockJUnit4ClassRunner.java:78)
	at org.junit.runners.BlockJUnit4ClassRunner.runChild(BlockJUnit4ClassRunner.java:57)
	at org.junit.runners.ParentRunner$3.run(ParentRunner.java:290)
	at org.junit.runners.ParentRunner$1.schedule(ParentRunner.java:71)
	at org.junit.runners.ParentRunner.runChildren(ParentRunner.java:288)
	at org.junit.runners.ParentRunner.access$000(ParentRunner.java:58)
	at org.junit.runners.ParentRunner$2.evaluate(ParentRunner.java:268)
	at org.junit.runners.ParentRunner.run(ParentRunner.java:363)
	at org.junit.runners.Suite.runChild(Suite.java:128)
	at org.junit.runners.Suite.runChild(Suite.java:27)
	at org.junit.runners.ParentRunner$3.run(ParentRunner.java:290)
	at org.junit.runners.ParentRunner$1.schedule(ParentRunner.java:71)
	at org.junit.runners.ParentRunner.runChildren(ParentRunner.java:288)
	at org.junit.runners.ParentRunner.access$000(ParentRunner.java:58)
	at org.junit.runners.ParentRunner$2.evaluate(ParentRunner.java:268)
	at org.junit.runners.ParentRunner.run(ParentRunner.java:363)
	at org.apache.maven.surefire.junitcore.JUnitCore.run(JUnitCore.java:55)
	at org.apache.maven.surefire.junitcore.JUnitCoreWrapper.createRequestAndRun(JUnitCoreWrapper.java:137)
	at org.apache.maven.surefire.junitcore.JUnitCoreWrapper.executeEager(JUnitCoreWrapper.java:107)
	at org.apache.maven.surefire.junitcore.JUnitCoreWrapper.execute(JUnitCoreWrapper.java:83)
	at org.apache.maven.surefire.junitcore.JUnitCoreWrapper.execute(JUnitCoreWrapper.java:75)
	at org.apache.maven.surefire.junitcore.JUnitCoreProvider.invoke(JUnitCoreProvider.java:158)
	at org.apache.maven.surefire.booter.ForkedBooter.invokeProviderInSameClassLoader(ForkedBooter.java:384)
	at org.apache.maven.surefire.booter.ForkedBooter.runSuitesInProcess(ForkedBooter.java:345)
	at org.apache.maven.surefire.booter.ForkedBooter.execute(ForkedBooter.java:126)
	at org.apache.maven.surefire.booter.ForkedBooter.main(ForkedBooter.java:418)
]]></failure>
    <system-out><![CDATA[Parsing 'cz.habarta.typescript.generator.TaggedUnionsTest$DiamondA'
Parsing 'cz.habarta.typescript.generator.TaggedUnionsTest$DiamondB1' used in 'DiamondA.<subClass>'
Parsing 'cz.habarta.typescript.generator.TaggedUnionsTest$DiamondB2' used in 'DiamondA.<subClass>'
Parsing 'cz.habarta.typescript.generator.TaggedUnionsTest$DiamondC' used in 'DiamondA.<subClass>'
]]></system-out>
  </testcase>
  <testcase name="testIdClass" classname="cz.habarta.typescript.generator.TaggedUnionsTest" time="0.005"/>
  <testcase name="testWithTypeParameter" classname="cz.habarta.typescript.generator.TaggedUnionsTest" time="0.041"/>
  <testcase name="testTaggedUnions" classname="cz.habarta.typescript.generator.TaggedUnionsTest" time="0.001">
    <failure message="expected:&lt;&#10;interface [Geometry {&#10;    shapes: ShapeUnion[];&#10;}&#10;&#10;interface Shape {&#10;    kind: &quot;square&quot; | &quot;rectangle&quot; | &quot;circle&quot;;&#10;}&#10;&#10;interface Square extends Shape {&#10;    kind: &quot;square&quot;;&#10;    size: number;&#10;}&#10;&#10;interface Rectangle extends Shape {&#10;    kind: &quot;rectangle&quot;;&#10;    width: number;&#10;    height: number;&#10;}&#10;&#10;interface Circle extends Shape {&#10;    kind: &quot;circle&quot;;&#10;    radius]: number;&#10;}&#10;&#10;type Sh...&gt; but was:&lt;&#10;interface [Shape {&#10;    kind: &quot;square&quot; | &quot;rectangle&quot; | &quot;circle&quot;;&#10;}&#10;&#10;interface Circle extends Shape {&#10;    kind: &quot;circle&quot;;&#10;    radius: number;&#10;}&#10;&#10;interface Square extends Shape {&#10;    kind: &quot;square&quot;;&#10;    size: number;&#10;}&#10;&#10;interface Geometry {&#10;    shapes: ShapeUnion[];&#10;}&#10;&#10;interface Rectangle extends Shape {&#10;    kind: &quot;rectangle&quot;;&#10;    height: number;&#10;    width]: number;&#10;}&#10;&#10;type Sh...&gt;" type="org.junit.ComparisonFailure"><![CDATA[org.junit.ComparisonFailure: 
expected:<
interface [Geometry {
    shapes: ShapeUnion[];
}

interface Shape {
    kind: "square" | "rectangle" | "circle";
}

interface Square extends Shape {
    kind: "square";
    size: number;
}

interface Rectangle extends Shape {
    kind: "rectangle";
    width: number;
    height: number;
}

interface Circle extends Shape {
    kind: "circle";
    radius]: number;
}

type Sh...> but was:<
interface [Shape {
    kind: "square" | "rectangle" | "circle";
}

interface Circle extends Shape {
    kind: "circle";
    radius: number;
}

interface Square extends Shape {
    kind: "square";
    size: number;
}

interface Geometry {
    shapes: ShapeUnion[];
}

interface Rectangle extends Shape {
    kind: "rectangle";
    height: number;
    width]: number;
}

type Sh...>
	at org.junit.Assert.assertEquals(Assert.java:115)
	at org.junit.Assert.assertEquals(Assert.java:144)
	at cz.habarta.typescript.generator.TaggedUnionsTest.testTaggedUnions(TaggedUnionsTest.java:217)
	at sun.reflect.NativeMethodAccessorImpl.invoke0(Native Method)
	at sun.reflect.NativeMethodAccessorImpl.invoke(NativeMethodAccessorImpl.java:62)
	at sun.reflect.DelegatingMethodAccessorImpl.invoke(DelegatingMethodAccessorImpl.java:43)
	at java.lang.reflect.Method.invoke(Method.java:498)
	at org.junit.runners.model.FrameworkMethod$1.runReflectiveCall(FrameworkMethod.java:50)
	at org.junit.internal.runners.model.ReflectiveCallable.run(ReflectiveCallable.java:12)
	at org.junit.runners.model.FrameworkMethod.invokeExplosively(FrameworkMethod.java:47)
	at org.junit.internal.runners.statements.InvokeMethod.evaluate(InvokeMethod.java:17)
	at org.junit.runners.ParentRunner.runLeaf(ParentRunner.java:325)
	at org.junit.runners.BlockJUnit4ClassRunner.runChild(BlockJUnit4ClassRunner.java:78)
	at org.junit.runners.BlockJUnit4ClassRunner.runChild(BlockJUnit4ClassRunner.java:57)
	at org.junit.runners.ParentRunner$3.run(ParentRunner.java:290)
	at org.junit.runners.ParentRunner$1.schedule(ParentRunner.java:71)
	at org.junit.runners.ParentRunner.runChildren(ParentRunner.java:288)
	at org.junit.runners.ParentRunner.access$000(ParentRunner.java:58)
	at org.junit.runners.ParentRunner$2.evaluate(ParentRunner.java:268)
	at org.junit.runners.ParentRunner.run(ParentRunner.java:363)
	at org.junit.runners.Suite.runChild(Suite.java:128)
	at org.junit.runners.Suite.runChild(Suite.java:27)
	at org.junit.runners.ParentRunner$3.run(ParentRunner.java:290)
	at org.junit.runners.ParentRunner$1.schedule(ParentRunner.java:71)
	at org.junit.runners.ParentRunner.runChildren(ParentRunner.java:288)
	at org.junit.runners.ParentRunner.access$000(ParentRunner.java:58)
	at org.junit.runners.ParentRunner$2.evaluate(ParentRunner.java:268)
	at org.junit.runners.ParentRunner.run(ParentRunner.java:363)
	at org.apache.maven.surefire.junitcore.JUnitCore.run(JUnitCore.java:55)
	at org.apache.maven.surefire.junitcore.JUnitCoreWrapper.createRequestAndRun(JUnitCoreWrapper.java:137)
	at org.apache.maven.surefire.junitcore.JUnitCoreWrapper.executeEager(JUnitCoreWrapper.java:107)
	at org.apache.maven.surefire.junitcore.JUnitCoreWrapper.execute(JUnitCoreWrapper.java:83)
	at org.apache.maven.surefire.junitcore.JUnitCoreWrapper.execute(JUnitCoreWrapper.java:75)
	at org.apache.maven.surefire.junitcore.JUnitCoreProvider.invoke(JUnitCoreProvider.java:158)
	at org.apache.maven.surefire.booter.ForkedBooter.invokeProviderInSameClassLoader(ForkedBooter.java:384)
	at org.apache.maven.surefire.booter.ForkedBooter.runSuitesInProcess(ForkedBooter.java:345)
	at org.apache.maven.surefire.booter.ForkedBooter.execute(ForkedBooter.java:126)
	at org.apache.maven.surefire.booter.ForkedBooter.main(ForkedBooter.java:418)
]]></failure>
    <system-out><![CDATA[Parsing 'cz.habarta.typescript.generator.TaggedUnionsTest$Geometry'
Parsing 'cz.habarta.typescript.generator.TaggedUnionsTest$Shape' used in 'Geometry.shapes'
Parsing 'cz.habarta.typescript.generator.TaggedUnionsTest$Square' used in 'Shape.<subClass>'
Parsing 'cz.habarta.typescript.generator.TaggedUnionsTest$Rectangle' used in 'Shape.<subClass>'
Parsing 'cz.habarta.typescript.generator.TaggedUnionsTest$Circle' used in 'Shape.<subClass>'
]]></system-out>
  </testcase>
</testsuite>